<?xml version="1.0" encoding="UTF-8"?>
<testsuite xmlns:xsi="http://www.w3.org/2001/XMLSchema-instance" xsi:noNamespaceSchemaLocation="https://maven.apache.org/surefire/maven-surefire-plugin/xsd/surefire-test-report-3.0.xsd" version="3.0" name="Com.AppTest" time="0.031" tests="1" errors="0" skipped="0" failures="0">
  <properties>
    <property name="java.specification.version" value="21"/>
    <property name="sun.cpu.isalist" value="amd64"/>
    <property name="sun.jnu.encoding" value="GBK"/>
    <property name="java.class.path" value="F:\jw\MavenCentral\target\test-classes;F:\jw\MavenCentral\target\classes;D:\M2\repository\junit\junit\3.8.1\junit-3.8.1.jar;D:\M2\repository\org\springframework\boot\spring-boot-starter\3.3.3\spring-boot-starter-3.3.3.jar;D:\M2\repository\org\springframework\boot\spring-boot\3.3.3\spring-boot-3.3.3.jar;D:\M2\repository\org\springframework\spring-context\6.1.12\spring-context-6.1.12.jar;D:\M2\repository\org\springframework\boot\spring-boot-autoconfigure\3.3.3\spring-boot-autoconfigure-3.3.3.jar;D:\M2\repository\org\springframework\boot\spring-boot-starter-logging\3.3.3\spring-boot-starter-logging-3.3.3.jar;D:\M2\repository\ch\qos\logback\logback-classic\1.5.7\logback-classic-1.5.7.jar;D:\M2\repository\ch\qos\logback\logback-core\1.5.7\logback-core-1.5.7.jar;D:\M2\repository\org\slf4j\slf4j-api\2.0.16\slf4j-api-2.0.16.jar;D:\M2\repository\org\apache\logging\log4j\log4j-to-slf4j\2.23.1\log4j-to-slf4j-2.23.1.jar;D:\M2\repository\org\apache\logging\log4j\log4j-api\2.23.1\log4j-api-2.23.1.jar;D:\M2\repository\org\slf4j\jul-to-slf4j\2.0.16\jul-to-slf4j-2.0.16.jar;D:\M2\repository\jakarta\annotation\jakarta.annotation-api\2.1.1\jakarta.annotation-api-2.1.1.jar;D:\M2\repository\org\springframework\spring-core\6.1.12\spring-core-6.1.12.jar;D:\M2\repository\org\springframework\spring-jcl\6.1.12\spring-jcl-6.1.12.jar;D:\M2\repository\org\yaml\snakeyaml\2.2\snakeyaml-2.2.jar;D:\M2\repository\org\springframework\boot\spring-boot-starter-web\3.3.3\spring-boot-starter-web-3.3.3.jar;D:\M2\repository\org\springframework\boot\spring-boot-starter-json\3.3.3\spring-boot-starter-json-3.3.3.jar;D:\M2\repository\com\fasterxml\jackson\core\jackson-databind\2.17.2\jackson-databind-2.17.2.jar;D:\M2\repository\com\fasterxml\jackson\core\jackson-annotations\2.17.2\jackson-annotations-2.17.2.jar;D:\M2\repository\com\fasterxml\jackson\core\jackson-core\2.17.2\jackson-core-2.17.2.jar;D:\M2\repository\com\fasterxml\jackson\datatype\jackson-datatype-jdk8\2.17.2\jackson-datatype-jdk8-2.17.2.jar;D:\M2\repository\com\fasterxml\jackson\datatype\jackson-datatype-jsr310\2.17.2\jackson-datatype-jsr310-2.17.2.jar;D:\M2\repository\com\fasterxml\jackson\module\jackson-module-parameter-names\2.17.2\jackson-module-parameter-names-2.17.2.jar;D:\M2\repository\org\springframework\boot\spring-boot-starter-tomcat\3.3.3\spring-boot-starter-tomcat-3.3.3.jar;D:\M2\repository\org\apache\tomcat\embed\tomcat-embed-core\10.1.28\tomcat-embed-core-10.1.28.jar;D:\M2\repository\org\apache\tomcat\embed\tomcat-embed-el\10.1.28\tomcat-embed-el-10.1.28.jar;D:\M2\repository\org\apache\tomcat\embed\tomcat-embed-websocket\10.1.28\tomcat-embed-websocket-10.1.28.jar;D:\M2\repository\org\springframework\spring-web\6.1.12\spring-web-6.1.12.jar;D:\M2\repository\org\springframework\spring-beans\6.1.12\spring-beans-6.1.12.jar;D:\M2\repository\io\micrometer\micrometer-observation\1.13.3\micrometer-observation-1.13.3.jar;D:\M2\repository\io\micrometer\micrometer-commons\1.13.3\micrometer-commons-1.13.3.jar;D:\M2\repository\org\springframework\spring-webmvc\6.1.12\spring-webmvc-6.1.12.jar;D:\M2\repository\org\springframework\spring-aop\6.1.12\spring-aop-6.1.12.jar;D:\M2\repository\org\springframework\spring-expression\6.1.12\spring-expression-6.1.12.jar;"/>
    <property name="java.vm.vendor" value="Oracle Corporation"/>
    <property name="sun.arch.data.model" value="64"/>
    <property name="user.variant" value=""/>
    <property name="java.vendor.url" value="https://java.oracle.com/"/>
    <property name="user.timezone" value="Asia/Shanghai"/>
    <property name="os.name" value="Windows 11"/>
    <property name="java.vm.specification.version" value="21"/>
    <property name="sun.java.launcher" value="SUN_STANDARD"/>
    <property name="user.country" value="CN"/>
    <property name="sun.boot.library.path" value="C:\Program Files\Java\jdk-21\bin"/>
    <property name="sun.java.command" value="C:\Users\rozenn\AppData\Local\Temp\surefire7387800853167187916\surefirebooter-20240918082630327_3.jar C:\Users\rozenn\AppData\Local\Temp\surefire7387800853167187916 2024-09-18T08-26-30_164-jvmRun1 surefire-20240918082630327_1tmp surefire_0-20240918082630327_2tmp"/>
    <property name="jdk.debug" value="release"/>
    <property name="surefire.test.class.path" value="F:\jw\MavenCentral\target\test-classes;F:\jw\MavenCentral\target\classes;D:\M2\repository\junit\junit\3.8.1\junit-3.8.1.jar;D:\M2\repository\org\springframework\boot\spring-boot-starter\3.3.3\spring-boot-starter-3.3.3.jar;D:\M2\repository\org\springframework\boot\spring-boot\3.3.3\spring-boot-3.3.3.jar;D:\M2\repository\org\springframework\spring-context\6.1.12\spring-context-6.1.12.jar;D:\M2\repository\org\springframework\boot\spring-boot-autoconfigure\3.3.3\spring-boot-autoconfigure-3.3.3.jar;D:\M2\repository\org\springframework\boot\spring-boot-starter-logging\3.3.3\spring-boot-starter-logging-3.3.3.jar;D:\M2\repository\ch\qos\logback\logback-classic\1.5.7\logback-classic-1.5.7.jar;D:\M2\repository\ch\qos\logback\logback-core\1.5.7\logback-core-1.5.7.jar;D:\M2\repository\org\slf4j\slf4j-api\2.0.16\slf4j-api-2.0.16.jar;D:\M2\repository\org\apache\logging\log4j\log4j-to-slf4j\2.23.1\log4j-to-slf4j-2.23.1.jar;D:\M2\repository\org\apache\logging\log4j\log4j-api\2.23.1\log4j-api-2.23.1.jar;D:\M2\repository\org\slf4j\jul-to-slf4j\2.0.16\jul-to-slf4j-2.0.16.jar;D:\M2\repository\jakarta\annotation\jakarta.annotation-api\2.1.1\jakarta.annotation-api-2.1.1.jar;D:\M2\repository\org\springframework\spring-core\6.1.12\spring-core-6.1.12.jar;D:\M2\repository\org\springframework\spring-jcl\6.1.12\spring-jcl-6.1.12.jar;D:\M2\repository\org\yaml\snakeyaml\2.2\snakeyaml-2.2.jar;D:\M2\repository\org\springframework\boot\spring-boot-starter-web\3.3.3\spring-boot-starter-web-3.3.3.jar;D:\M2\repository\org\springframework\boot\spring-boot-starter-json\3.3.3\spring-boot-starter-json-3.3.3.jar;D:\M2\repository\com\fasterxml\jackson\core\jackson-databind\2.17.2\jackson-databind-2.17.2.jar;D:\M2\repository\com\fasterxml\jackson\core\jackson-annotations\2.17.2\jackson-annotations-2.17.2.jar;D:\M2\repository\com\fasterxml\jackson\core\jackson-core\2.17.2\jackson-core-2.17.2.jar;D:\M2\repository\com\fasterxml\jackson\datatype\jackson-datatype-jdk8\2.17.2\jackson-datatype-jdk8-2.17.2.jar;D:\M2\repository\com\fasterxml\jackson\datatype\jackson-datatype-jsr310\2.17.2\jackson-datatype-jsr310-2.17.2.jar;D:\M2\repository\com\fasterxml\jackson\module\jackson-module-parameter-names\2.17.2\jackson-module-parameter-names-2.17.2.jar;D:\M2\repository\org\springframework\boot\spring-boot-starter-tomcat\3.3.3\spring-boot-starter-tomcat-3.3.3.jar;D:\M2\repository\org\apache\tomcat\embed\tomcat-embed-core\10.1.28\tomcat-embed-core-10.1.28.jar;D:\M2\repository\org\apache\tomcat\embed\tomcat-embed-el\10.1.28\tomcat-embed-el-10.1.28.jar;D:\M2\repository\org\apache\tomcat\embed\tomcat-embed-websocket\10.1.28\tomcat-embed-websocket-10.1.28.jar;D:\M2\repository\org\springframework\spring-web\6.1.12\spring-web-6.1.12.jar;D:\M2\repository\org\springframework\spring-beans\6.1.12\spring-beans-6.1.12.jar;D:\M2\repository\io\micrometer\micrometer-observation\1.13.3\micrometer-observation-1.13.3.jar;D:\M2\repository\io\micrometer\micrometer-commons\1.13.3\micrometer-commons-1.13.3.jar;D:\M2\repository\org\springframework\spring-webmvc\6.1.12\spring-webmvc-6.1.12.jar;D:\M2\repository\org\springframework\spring-aop\6.1.12\spring-aop-6.1.12.jar;D:\M2\repository\org\springframework\spring-expression\6.1.12\spring-expression-6.1.12.jar;"/>
    <property name="sun.cpu.endian" value="little"/>
    <property name="user.home" value="C:\Users\rozenn"/>
    <property name="user.language" value="zh"/>
    <property name="java.specification.vendor" value="Oracle Corporation"/>
    <property name="java.version.date" value="2024-01-16"/>
    <property name="java.home" value="C:\Program Files\Java\jdk-21"/>
    <property name="file.separator" value="\"/>
    <property name="basedir" value="F:\jw\MavenCentral"/>
    <property name="java.vm.compressedOopsMode" value="Zero based"/>
    <property name="line.separator" value="&#10;"/>
    <property name="java.vm.specification.vendor" value="Oracle Corporation"/>
    <property name="java.specification.name" value="Java Platform API Specification"/>
    <property name="surefire.real.class.path" value="C:\Users\rozenn\AppData\Local\Temp\surefire7387800853167187916\surefirebooter-20240918082630327_3.jar"/>
    <property name="user.script" value=""/>
    <property name="sun.management.compiler" value="HotSpot 64-Bit Tiered Compilers"/>
    <property name="java.runtime.version" value="21.0.2+13-LTS-58"/>
    <property name="user.name" value="rozenn"/>
    <property name="stdout.encoding" value="GBK"/>
    <property name="path.separator" value=";"/>
    <property name="os.version" value="10.0"/>
    <property name="java.runtime.name" value="Java(TM) SE Runtime Environment"/>
    <property name="file.encoding" value="UTF-8"/>
    <property name="java.vm.name" value="Java HotSpot(TM) 64-Bit Server VM"/>
    <property name="localRepository" value="D:\M2\repository"/>
    <property name="java.vendor.url.bug" value="https://bugreport.java.com/bugreport/"/>
    <property name="java.io.tmpdir" value="C:\Users\rozenn\AppData\Local\Temp\"/>
    <property name="idea.version" value="2023.3.4"/>
    <property name="java.version" value="21.0.2"/>
    <property name="user.dir" value="F:\jw\MavenCentral"/>
    <property name="os.arch" value="amd64"/>
    <property name="java.vm.specification.name" value="Java Virtual Machine Specification"/>
    <property name="sun.os.patch.level" value=""/>
    <property name="native.encoding" value="GBK"/>
    <property name="java.library.path" value="C:\Program Files\Java\jdk-21\bin;C:\WINDOWS\Sun\Java\bin;C:\WINDOWS\system32;C:\WINDOWS;C:\Program Files\Common Files\Oracle\Java\javapath;D:\apache-maven-3.9.6\bin\;C:\Program Files\Zulu\zulu-21\bin\;C:\Program Files (x86)\Razer Chroma SDK\bin;C:\Program Files\Razer Chroma SDK\bin;C:\Program Files (x86)\Razer\ChromaBroadcast\bin;C:\Program Files\Razer\ChromaBroadcast\bin;C:\Program Files\Java\jdk1.8.0_361\bin；;:\Program Files (x86)\Common Files\Oracle\Java\javapath;C:\windows\system32;C:\windows;C:\windows\System32\Wbem;C:\windows\System32\WindowsPowerShell\v1.0\;C:\windows\System32\OpenSSH\;C:\Program Files (x86)\NVIDIA Corporation\PhysX\Common;C:\Program Files\Java\jdk1.8.0_361\bin;C:\WINDOWS\system32;C:\WINDOWS;C:\WINDOWS\System32\Wbem;C:\WINDOWS\System32\WindowsPowerShell\v1.0\;C:\WINDOWS\System32\OpenSSH\;F:\weixinkaifa\微信web开发者工具\dll;C:\WIN;OWS\system32\config\systemprofile\AppData\Local\Microsoft\WindowsApps;C:\Users\rozenn\AppData\Local\Microsoft\WindowsApps;D:\新建文件夹 (5)\Microsoft VS Code Insiders\bin;D:\I;EA\IntelliJ IDEA 2022.3.3\bin;C:\Program Files\dotnet\;F:\NodeJS\;F:\NodeJS\node_global;%NODE_HOME%;%NODE_HOME%\node_global;%NODE_HOME%\node_cache;F:\NodeJS\node_modules;D:\MySQL\MySQL Server 8.0\bin;C:\Program Files\Git\cmd;C:\Program Files\NVIDIA Corporation\NVIDIA app\NvDLISR;C:\Program Files\Microsoft VS Code Insiders\bin;D:\apache-maven-3.9.6\bin;C:\Users\rozenn\AppData\Local\Microsoft\WindowsApps;D:\IDEA\IntelliJ IDEA 2022.3.3\bin;;C:\Users\rozenn\AppData\Roaming\npm;F:\NodeJS;F:\NodeJS\node_global;F:\NodeJS\node_modules;C:\Users\rozenn\AppData\Roaming\npm\node_modules;C:\Users\rozenn\AppData\Roaming\npm\node_modules\@vue\cli-init\node_modules\.bin;C:\Users\rozenn\AppData\Local\GitHubDesktop\bin;D:\GCC\mingw64\bin;D:\VsCode\Microsoft VS Code\bin;."/>
    <property name="java.vm.info" value="mixed mode, sharing"/>
    <property name="stderr.encoding" value="GBK"/>
    <property name="java.vendor" value="Oracle Corporation"/>
    <property name="java.vm.version" value="21.0.2+13-LTS-58"/>
    <property name="sun.io.unicode.encoding" value="UnicodeLittle"/>
    <property name="maven.repo.local" value="D:\M2\repository"/>
    <property name="java.class.version" value="65.0"/>
  </properties>
  <testcase name="testApp" classname="Com.AppTest" time="0.004"/>
</testsuite>